nohup: ignoring input
2025-03-13 14:25:12,904 - INFO - Loading data from samanantar_4950k_filtered.tsv...
2025-03-13 14:25:12,904 - INFO - Loading dataset from samanantar_4950k_filtered.tsv
2025-03-13 14:25:12,904 - INFO - File size: 985.09 MB
2025-03-13 14:25:12,904 - INFO - Reading file line by line...
2025-03-13 14:25:12,905 - INFO - Sample lines from file:
2025-03-13 14:25:12,905 - INFO - Line 1: en					kha
2025-03-13 14:25:12,905 - INFO - Line 2: The interval must be positive or zero					Ka interval ka dei ban long positive lane zero .
2025-03-13 14:25:12,905 - INFO - Line 3: The is investigation is on in the case .					Ka jingtohkit ka dang iaid ha kane ka mukotduma .
2025-03-13 14:25:12,905 - INFO - Line 4: I am glad to have such an amazing team .					Nga sngewkmen ban don kum kane ka kynhun kaba phylla .
2025-03-13 14:25:12,905 - INFO - Line 5: You know , you were right about me , Aldrich .					Phi tip phi la dei hok shaphang jong nga Aldrich .
2025-03-13 14:25:13,851 - INFO - Processed 500000 lines, found 0 valid pairs
2025-03-13 14:25:15,004 - INFO - Processed 1000000 lines, found 0 valid pairs
2025-03-13 14:25:16,051 - INFO - Processed 1500000 lines, found 0 valid pairs
2025-03-13 14:25:17,004 - INFO - Processed 2000000 lines, found 0 valid pairs
2025-03-13 14:25:17,997 - INFO - Processed 2500000 lines, found 0 valid pairs
2025-03-13 14:25:18,751 - INFO - Processed 3000000 lines, found 0 valid pairs
2025-03-13 14:25:19,691 - INFO - Processed 3500000 lines, found 0 valid pairs
2025-03-13 14:25:20,822 - INFO - Processed 4000000 lines, found 0 valid pairs
2025-03-13 14:25:21,900 - INFO - Processed 4500000 lines, found 0 valid pairs
2025-03-13 14:25:23,022 - INFO - Total pairs found: 0
2025-03-13 14:25:23,022 - INFO - Loaded 0 translation pairs.
2025-03-13 14:25:23,022 - ERROR - No valid translation pairs found in the dataset. Please check the file format.
2025-03-13 14:25:23,022 - INFO - 
Attempting to diagnose the dataset issue...
2025-03-13 14:25:23,022 - INFO - First line of file: en					kha
