2025-03-13 12:09:58,081 - INFO - Loading data from samanantar_4950k_filtered.tsv...
2025-03-13 12:09:58,081 - INFO - Loading dataset from samanantar_4950k_filtered.tsv
2025-03-13 12:10:08,439 - INFO - Successfully loaded 4891173 translation pairs
2025-03-13 12:10:10,956 - INFO - Loaded 4891173 translation pairs.
2025-03-13 12:10:10,957 - INFO - 
Data Sample:
2025-03-13 12:10:10,958 - INFO - Source: en
2025-03-13 12:10:10,958 - INFO - Target: 
2025-03-13 12:10:10,958 - INFO - ---
2025-03-13 12:10:10,958 - INFO - Source: The interval must be positive or zero
2025-03-13 12:10:10,958 - INFO - Target: 
2025-03-13 12:10:10,958 - INFO - ---
2025-03-13 12:10:10,958 - INFO - Source: The is investigation is on in the case .
2025-03-13 12:10:10,958 - INFO - Target: 
2025-03-13 12:10:10,958 - INFO - ---
2025-03-13 12:10:10,959 - ERROR - Error in main execution: cannot access local variable 'TRAIN_SIZE' where it is not associated with a value
2025-03-13 12:10:10,960 - ERROR - Traceback (most recent call last):
  File "/fab3/btech/2022/arya.sahu22b/CS300-ProjectI/CS300-Project-I/t5/t5_bi.py", line 710, in main
    if len(full_df) < TRAIN_SIZE + TEST_SIZE:
                      ^^^^^^^^^^
UnboundLocalError: cannot access local variable 'TRAIN_SIZE' where it is not associated with a value

2025-03-13 12:10:10,960 - ERROR - Fatal error: cannot access local variable 'TRAIN_SIZE' where it is not associated with a value
2025-03-13 12:10:10,960 - ERROR - Traceback (most recent call last):
  File "/fab3/btech/2022/arya.sahu22b/CS300-ProjectI/CS300-Project-I/t5/t5_bi.py", line 798, in <module>
    main()
  File "/fab3/btech/2022/arya.sahu22b/CS300-ProjectI/CS300-Project-I/t5/t5_bi.py", line 710, in main
    if len(full_df) < TRAIN_SIZE + TEST_SIZE:
                      ^^^^^^^^^^
UnboundLocalError: cannot access local variable 'TRAIN_SIZE' where it is not associated with a value

2025-03-13 13:15:42,763 - INFO - Loading data from samanantar_4950k_filtered.tsv...
2025-03-13 13:15:42,763 - INFO - Loading dataset from samanantar_4950k_filtered.tsv
2025-03-13 13:15:54,430 - INFO - Total pairs: 4891173
2025-03-13 13:15:54,430 - INFO - Valid pairs after filtering: 0
2025-03-13 13:15:54,430 - INFO - Removed 4891173 pairs with empty source or target
2025-03-13 13:15:54,895 - INFO - Loaded 0 translation pairs.
2025-03-13 13:15:54,895 - INFO - 
Data Sample:
2025-03-13 13:15:54,895 - WARNING - Warning: Not enough data in the file. Need at least 12000 examples, but found 0.
2025-03-13 13:15:54,895 - INFO - Using -2000 examples for training and 2000 examples for testing.
2025-03-13 13:15:54,895 - ERROR - Error in main execution: The 'train_size' parameter of train_test_split must be a float in the range (0.0, 1.0), an int in the range [1, inf) or None. Got -2000 instead.
2025-03-13 13:15:54,897 - ERROR - Traceback (most recent call last):
  File "/fab3/btech/2022/arya.sahu22b/CS300-ProjectI/CS300-Project-I/t5/t5_bi.py", line 670, in main
    train_df, test_df = train_test_split(full_df, test_size=TEST_SIZE, train_size=TRAIN_SIZE, random_state=42)
                        ^^^^^^^^^^^^^^^^^^^^^^^^^^^^^^^^^^^^^^^^^^^^^^^^^^^^^^^^^^^^^^^^^^^^^^^^^^^^^^^^^^^^^^
  File "/fab3/btech/2022/arya.sahu22b/miniconda3/envs/myenv/lib/python3.11/site-packages/sklearn/utils/_param_validation.py", line 206, in wrapper
    validate_parameter_constraints(
  File "/fab3/btech/2022/arya.sahu22b/miniconda3/envs/myenv/lib/python3.11/site-packages/sklearn/utils/_param_validation.py", line 98, in validate_parameter_constraints
    raise InvalidParameterError(
sklearn.utils._param_validation.InvalidParameterError: The 'train_size' parameter of train_test_split must be a float in the range (0.0, 1.0), an int in the range [1, inf) or None. Got -2000 instead.

2025-03-13 13:50:36,383 - INFO - Loading data from samanantar_4950k_filtered.tsv...
2025-03-13 13:50:36,383 - INFO - Loading dataset from samanantar_4950k_filtered.tsv
2025-03-13 13:51:16,589 - ERROR - Error loading dataset: Can only use .str accessor with string values!
2025-03-13 13:51:16,589 - INFO - Attempting alternative loading method...
2025-03-13 13:51:22,220 - INFO - Total pairs found with alternative method: 0
2025-03-13 13:51:22,970 - INFO - Loaded 0 translation pairs.
2025-03-13 13:51:22,970 - ERROR - No valid translation pairs found in the dataset. Please check the file format.
2025-03-13 14:08:07,163 - INFO - Loading data from samanantar_4950k_filtered.tsv...
2025-03-13 14:08:07,163 - INFO - Loading dataset from samanantar_4950k_filtered.tsv
2025-03-13 14:08:07,163 - INFO - File size: 985.09 MB
2025-03-13 14:08:07,163 - INFO - Reading file line by line...
2025-03-13 14:08:07,164 - INFO - Sample lines from file:
2025-03-13 14:08:07,164 - INFO - Line 1: en					kha
2025-03-13 14:08:07,164 - INFO - Line 2: The interval must be positive or zero					Ka interval ka dei ban long positive lane zero .
2025-03-13 14:08:07,164 - INFO - Line 3: The is investigation is on in the case .					Ka jingtohkit ka dang iaid ha kane ka mukotduma .
2025-03-13 14:08:07,164 - INFO - Line 4: I am glad to have such an amazing team .					Nga sngewkmen ban don kum kane ka kynhun kaba phylla .
2025-03-13 14:08:07,164 - INFO - Line 5: You know , you were right about me , Aldrich .					Phi tip phi la dei hok shaphang jong nga Aldrich .
2025-03-13 14:08:08,016 - INFO - Processed 500000 lines, found 0 valid pairs
2025-03-13 14:08:08,873 - INFO - Processed 1000000 lines, found 0 valid pairs
2025-03-13 14:08:09,633 - INFO - Processed 1500000 lines, found 0 valid pairs
2025-03-13 14:08:10,662 - INFO - Processed 2000000 lines, found 0 valid pairs
2025-03-13 14:08:11,586 - INFO - Processed 2500000 lines, found 0 valid pairs
2025-03-13 14:08:12,505 - INFO - Processed 3000000 lines, found 0 valid pairs
2025-03-13 14:08:13,374 - INFO - Processed 3500000 lines, found 0 valid pairs
2025-03-13 14:08:14,459 - INFO - Processed 4000000 lines, found 0 valid pairs
2025-03-13 14:08:15,301 - INFO - Processed 4500000 lines, found 0 valid pairs
2025-03-13 14:08:15,946 - INFO - Total pairs found: 0
2025-03-13 14:08:15,946 - INFO - Loaded 0 translation pairs.
2025-03-13 14:08:15,946 - ERROR - No valid translation pairs found in the dataset. Please check the file format.
2025-03-13 14:08:15,946 - INFO - 
Attempting to diagnose the dataset issue...
2025-03-13 14:08:15,946 - INFO - First line of file: en					kha
2025-03-13 14:25:12,904 - INFO - Loading data from samanantar_4950k_filtered.tsv...
2025-03-13 14:25:12,904 - INFO - Loading dataset from samanantar_4950k_filtered.tsv
2025-03-13 14:25:12,904 - INFO - File size: 985.09 MB
2025-03-13 14:25:12,904 - INFO - Reading file line by line...
2025-03-13 14:25:12,905 - INFO - Sample lines from file:
2025-03-13 14:25:12,905 - INFO - Line 1: en					kha
2025-03-13 14:25:12,905 - INFO - Line 2: The interval must be positive or zero					Ka interval ka dei ban long positive lane zero .
2025-03-13 14:25:12,905 - INFO - Line 3: The is investigation is on in the case .					Ka jingtohkit ka dang iaid ha kane ka mukotduma .
2025-03-13 14:25:12,905 - INFO - Line 4: I am glad to have such an amazing team .					Nga sngewkmen ban don kum kane ka kynhun kaba phylla .
2025-03-13 14:25:12,905 - INFO - Line 5: You know , you were right about me , Aldrich .					Phi tip phi la dei hok shaphang jong nga Aldrich .
2025-03-13 14:25:13,851 - INFO - Processed 500000 lines, found 0 valid pairs
2025-03-13 14:25:15,004 - INFO - Processed 1000000 lines, found 0 valid pairs
2025-03-13 14:25:16,051 - INFO - Processed 1500000 lines, found 0 valid pairs
2025-03-13 14:25:17,004 - INFO - Processed 2000000 lines, found 0 valid pairs
2025-03-13 14:25:17,997 - INFO - Processed 2500000 lines, found 0 valid pairs
2025-03-13 14:25:18,751 - INFO - Processed 3000000 lines, found 0 valid pairs
2025-03-13 14:25:19,691 - INFO - Processed 3500000 lines, found 0 valid pairs
2025-03-13 14:25:20,822 - INFO - Processed 4000000 lines, found 0 valid pairs
2025-03-13 14:25:21,900 - INFO - Processed 4500000 lines, found 0 valid pairs
2025-03-13 14:25:23,022 - INFO - Total pairs found: 0
2025-03-13 14:25:23,022 - INFO - Loaded 0 translation pairs.
2025-03-13 14:25:23,022 - ERROR - No valid translation pairs found in the dataset. Please check the file format.
2025-03-13 14:25:23,022 - INFO - 
Attempting to diagnose the dataset issue...
2025-03-13 14:25:23,022 - INFO - First line of file: en					kha
